10
92 74 27 8 16 90 8 99 7 49 
26 95 14 67 3 64 93 54 80 77 
85 12 72 75 93 39 47 92 2 12 
70 45 37 48 53 4 89 60 3 96 
8 28 90 21 46 92 84 90 97 63 
66 34 26 38 60 70 28 6 62 29 
69 83 74 5 30 78 8 19 37 10 
66 44 89 55 16 86 99 51 75 47 
14 41 80 91 30 39 13 9 96 26 
37 64 8 62 68 89 39 28 59 27 
92 74 27 8 16 90 8 99 7 49 
26 95 14 67 3 64 93 54 80 77 
85 12 72 75 93 39 47 92 2 12 
70 45 37 48 53 4 89 60 3 96 
8 28 90 21 46 92 84 90 97 63 
66 34 26 38 60 70 28 6 62 29 
69 83 74 5 30 78 8 19 37 10 
66 44 89 55 16 86 99 51 75 47 
14 41 80 91 30 39 13 9 96 26 
37 64 8 62 68 89 39 28 59 27 
28308 26473 19895 21019 16131 35645 25330 24684 25058 21154 
28940 34695 26157 28823 20822 35861 27841 21063 31984 24861 
32607 24398 31728 20140 22443 35536 30737 34730 22902 25313 
28498 29973 24768 19889 20166 36734 25755 27904 23442 21782 
32449 28634 36887 32263 28485 40460 28507 25359 35592 20503 
21195 21182 20554 18410 17318 27401 18049 21070 22657 18579 
23228 21253 18589 20569 16894 27239 19714 23323 20895 17497 
37421 32523 32758 29434 27508 39155 26099 28827 28670 23078 
22135 19227 23444 26247 21512 20704 22653 21652 21045 20311 
22870 25250 23513 21748 18506 30626 25250 21685 28495 23623 
